<?xml version="1.0" encoding="UTF-8"?>
<testng-results ignored="0" total="1" passed="1" failed="0" skipped="0">
  <reporter-output>
  </reporter-output>
  <suite started-at="2022-02-07T19:36:29 IST" name="Default suite" finished-at="2022-02-07T19:36:50 IST" duration-ms="21316">
    <groups>
    </groups>
    <test started-at="2022-02-07T19:36:29 IST" name="Default test" finished-at="2022-02-07T19:36:50 IST" duration-ms="21316">
      <class name="testExecution.SearchTest">
        <test-method is-config="true" signature="setup()[pri:0, instance:testExecution.SearchTest@71def8f8]" started-at="2022-02-07T19:36:20 IST" name="setup" finished-at="2022-02-07T19:36:29 IST" duration-ms="9243" status="PASS">
          <reporter-output>
          </reporter-output>
        </test-method> <!-- setup -->
        <test-method signature="SearchApp()[pri:0, instance:testExecution.SearchTest@71def8f8]" started-at="2022-02-07T19:36:29 IST" name="SearchApp" finished-at="2022-02-07T19:36:50 IST" duration-ms="21249" status="PASS">
          <reporter-output>
          </reporter-output>
        </test-method> <!-- SearchApp -->
        <test-method is-config="true" signature="teardown()[pri:0, instance:testExecution.SearchTest@71def8f8]" started-at="2022-02-07T19:36:50 IST" name="teardown" finished-at="2022-02-07T19:36:50 IST" duration-ms="1" status="PASS">
          <reporter-output>
          </reporter-output>
        </test-method> <!-- teardown -->
      </class> <!-- testExecution.SearchTest -->
    </test> <!-- Default test -->
  </suite> <!-- Default suite -->
</testng-results>
