<?xml version="1.0" encoding="UTF-8"?>
<testng-results ignored="0" total="1" passed="1" failed="0" skipped="0">
  <reporter-output>
  </reporter-output>
  <suite started-at="2022-02-15T10:33:39 IST" name="Default suite" finished-at="2022-02-15T10:34:13 IST" duration-ms="33572">
    <groups>
    </groups>
    <test started-at="2022-02-15T10:33:39 IST" name="Default test" finished-at="2022-02-15T10:34:13 IST" duration-ms="33572">
      <class name="testExecution.SearchTest">
        <test-method is-config="true" signature="setup()[pri:0, instance:testExecution.SearchTest@4d0f2471]" started-at="2022-02-15T10:33:33 IST" name="setup" finished-at="2022-02-15T10:33:39 IST" duration-ms="6183" status="PASS">
          <reporter-output>
          </reporter-output>
        </test-method> <!-- setup -->
        <test-method signature="SearchApp()[pri:0, instance:testExecution.SearchTest@4d0f2471]" started-at="2022-02-15T10:33:40 IST" name="SearchApp" finished-at="2022-02-15T10:34:13 IST" duration-ms="33449" status="PASS">
          <reporter-output>
          </reporter-output>
        </test-method> <!-- SearchApp -->
        <test-method is-config="true" signature="teardown()[pri:0, instance:testExecution.SearchTest@4d0f2471]" started-at="2022-02-15T10:34:13 IST" name="teardown" finished-at="2022-02-15T10:34:14 IST" duration-ms="831" status="PASS">
          <reporter-output>
          </reporter-output>
        </test-method> <!-- teardown -->
      </class> <!-- testExecution.SearchTest -->
    </test> <!-- Default test -->
  </suite> <!-- Default suite -->
</testng-results>
